<?xml version="1.0" encoding="UTF-8"?>
<!-- Generated by org.testng.reporters.JUnitReportReporter -->
<testsuite skipped="0" hostname="LAPTOP-B3EJBA39" name="runnerpkg.runnercls" tests="1" failures="0" timestamp="11 Dec 2020 06:01:20 GMT" time="33.111" errors="0">
  <testcase name="feature" time="33.111" classname="runnerpkg.runnercls"/>
</testsuite> <!-- runnerpkg.runnercls -->
